<?xml version="1.0" encoding="UTF-8"?>
<!-- Generated by org.testng.reporters.JUnitReportReporter -->
<testsuite hostname="DESKTOP-KVLJ85V" name="mercury_Tour.Mercury_Tour" tests="6" failures="0" timestamp="2 Apr 2019 11:01:01 GMT" time="48.213" errors="0">
  <testcase name="Flight_finder" time="26.720" classname="mercury_Tour.Mercury_Tour"/>
  <testcase name="preferences" time="1.160" classname="mercury_Tour.Mercury_Tour"/>
  <testcase name="A" time="8.748" classname="mercury_Tour.Mercury_Tour"/>
  <testcase name="Sign_on" time="1.508" classname="mercury_Tour.Mercury_Tour"/>
  <testcase name="support" time="1.864" classname="mercury_Tour.Mercury_Tour"/>
  <testcase name="Resgister" time="8.213" classname="mercury_Tour.Mercury_Tour"/>
</testsuite> <!-- mercury_Tour.Mercury_Tour -->
